<?xml version="1.0" encoding="UTF-8"?>
<testsuite name="TestSuite" time="68.045" tests="43" errors="0" skipped="0" failures="0">
  <properties>
    <property name="java.runtime.name" value="Java(TM) SE Runtime Environment"/>
    <property name="sun.boot.library.path" value="C:\Program Files\Java\jdk1.7.0_60\jre\bin"/>
    <property name="java.vm.version" value="24.60-b09"/>
    <property name="browser" value="chrome"/>
    <property name="user.country.format" value="UA"/>
    <property name="java.vm.vendor" value="Oracle Corporation"/>
    <property name="java.vendor.url" value="http://java.oracle.com/"/>
    <property name="path.separator" value=";"/>
    <property name="guice.disable.misplaced.annotation.check" value="true"/>
    <property name="java.vm.name" value="Java HotSpot(TM) 64-Bit Server VM"/>
    <property name="file.encoding.pkg" value="sun.io"/>
    <property name="user.script" value=""/>
    <property name="user.country" value="US"/>
    <property name="sun.java.launcher" value="SUN_STANDARD"/>
    <property name="sun.os.patch.level" value="Service Pack 1"/>
    <property name="java.vm.specification.name" value="Java Virtual Machine Specification"/>
    <property name="user.dir" value="C:\workspace\ATF"/>
    <property name="java.runtime.version" value="1.7.0_60-b19"/>
    <property name="java.awt.graphicsenv" value="sun.awt.Win32GraphicsEnvironment"/>
    <property name="java.endorsed.dirs" value="C:\Program Files\Java\jdk1.7.0_60\jre\lib\endorsed"/>
    <property name="os.arch" value="amd64"/>
    <property name="java.io.tmpdir" value="C:\Users\Andriy\AppData\Local\Temp\"/>
    <property name="line.separator" value="&#10;"/>
    <property name="java.vm.specification.vendor" value="Oracle Corporation"/>
    <property name="user.variant" value=""/>
    <property name="os.name" value="Windows 7"/>
    <property name="classworlds.conf" value="C:\workspace\.metadata\.plugins\org.eclipse.m2e.launching\launches\m2conf3211113293667361169.tmp"/>
    <property name="sun.jnu.encoding" value="Cp1251"/>
    <property name="java.library.path" value="C:\Program Files\Java\jdk1.7.0_60\bin;C:\Windows\Sun\Java\bin;C:\Windows\system32;C:\Windows;C:\Program Files (x86)\NVIDIA Corporation\PhysX\Common;C:\Windows\system32;C:\Windows;C:\Windows\System32\Wbem;C:\Windows\System32\WindowsPowerShell\v1.0\;C:\Program Files\WIDCOMM\Bluetooth Software\;C:\Program Files\WIDCOMM\Bluetooth Software\syswow64;C:\Program Files (x86)\MKVtoolnix;C:\Program Files\Calibre2\;."/>
    <property name="java.specification.name" value="Java Platform API Specification"/>
    <property name="java.class.version" value="51.0"/>
    <property name="sun.management.compiler" value="HotSpot 64-Bit Tiered Compilers"/>
    <property name="os.version" value="6.1"/>
    <property name="user.home" value="C:\Users\Andriy"/>
    <property name="user.timezone" value="Europe/Helsinki"/>
    <property name="java.awt.printerjob" value="sun.awt.windows.WPrinterJob"/>
    <property name="java.specification.version" value="1.7"/>
    <property name="file.encoding" value="Cp1251"/>
    <property name="user.name" value="Andriy"/>
    <property name="java.class.path" value="/C:/eclipse/configuration/org.eclipse.osgi/bundles/280/1/.cp/jars/plexus-classworlds-2.4.jar"/>
    <property name="java.vm.specification.version" value="1.7"/>
    <property name="sun.arch.data.model" value="64"/>
    <property name="java.home" value="C:\Program Files\Java\jdk1.7.0_60\jre"/>
    <property name="sun.java.command" value="org.codehaus.plexus.classworlds.launcher.Launcher -B clean test -D browser=chrome -D environment=local"/>
    <property name="java.specification.vendor" value="Oracle Corporation"/>
    <property name="user.language" value="en"/>
    <property name="user.language.format" value="uk"/>
    <property name="awt.toolkit" value="sun.awt.windows.WToolkit"/>
    <property name="java.vm.info" value="mixed mode"/>
    <property name="java.version" value="1.7.0_60"/>
    <property name="java.ext.dirs" value="C:\Program Files\Java\jdk1.7.0_60\jre\lib\ext;C:\Windows\Sun\Java\lib\ext"/>
    <property name="sun.boot.class.path" value="C:\Program Files\Java\jdk1.7.0_60\jre\lib\resources.jar;C:\Program Files\Java\jdk1.7.0_60\jre\lib\rt.jar;C:\Program Files\Java\jdk1.7.0_60\jre\lib\sunrsasign.jar;C:\Program Files\Java\jdk1.7.0_60\jre\lib\jsse.jar;C:\Program Files\Java\jdk1.7.0_60\jre\lib\jce.jar;C:\Program Files\Java\jdk1.7.0_60\jre\lib\charsets.jar;C:\Program Files\Java\jdk1.7.0_60\jre\lib\jfr.jar;C:\Program Files\Java\jdk1.7.0_60\jre\classes"/>
    <property name="java.vendor" value="Oracle Corporation"/>
    <property name="environment" value="local"/>
    <property name="maven.home" value="C:\workspace\ATF\EMBEDDED"/>
    <property name="file.separator" value="\"/>
    <property name="java.vendor.url.bug" value="http://bugreport.sun.com/bugreport/"/>
    <property name="maven.bootclasspath" value="/C:/eclipse/configuration/org.eclipse.osgi/bundles/280/1/.cp/jars/plexus-classworlds-2.4.jar"/>
    <property name="sun.cpu.endian" value="little"/>
    <property name="sun.io.unicode.encoding" value="UnicodeLittle"/>
    <property name="sun.desktop" value="windows"/>
    <property name="sun.cpu.isalist" value="amd64"/>
  </properties>
  <testcase name="verifyCorrectingAddingProduct" classname="com.selenium.atf.tests.Test1" time="4.601"/>
  <testcase name="verifyCorrectingAddingProduct" classname="com.selenium.atf.tests.Test1" time="1.333"/>
  <testcase name="verifyCorrectingAddingProduct" classname="com.selenium.atf.tests.Test1" time="1.299"/>
  <testcase name="verifyCorrectingAddingProduct" classname="com.selenium.atf.tests.Test1" time="1.23"/>
  <testcase name="verifyCorrectingAddingProduct" classname="com.selenium.atf.tests.Test1" time="1.309"/>
  <testcase name="verifyCorrectingAddingProduct" classname="com.selenium.atf.tests.Test1" time="6.319"/>
  <testcase name="verifyCorrectingAddingProduct" classname="com.selenium.atf.tests.Test1" time="1.248"/>
  <testcase name="verifyManyAcceptChangesPositive" classname="com.selenium.atf.tests.Test1" time="2.08"/>
  <testcase name="verifyManyAcceptChangesPositive" classname="com.selenium.atf.tests.Test1" time="2.111"/>
  <testcase name="verifyManyAcceptChangesPositive" classname="com.selenium.atf.tests.Test1" time="2.057"/>
  <testcase name="verifyManyAcceptChangesPositive" classname="com.selenium.atf.tests.Test1" time="2.078"/>
  <testcase name="verifyManyAcceptChangesPositive" classname="com.selenium.atf.tests.Test1" time="2.167"/>
  <testcase name="verifyManyAcceptChangesPositive" classname="com.selenium.atf.tests.Test1" time="2.065"/>
  <testcase name="verifyManyAcceptChangesPositive" classname="com.selenium.atf.tests.Test1" time="2.142"/>
  <testcase name="verifyIncorrectingAddingProduct" classname="com.selenium.atf.tests.Test2" time="4.182"/>
  <testcase name="verifyIncorrectingAddingProduct" classname="com.selenium.atf.tests.Test2" time="0.803"/>
  <testcase name="verifyIncorrectingAddingProduct" classname="com.selenium.atf.tests.Test2" time="0.79"/>
  <testcase name="verifyIncorrectingAddingProduct" classname="com.selenium.atf.tests.Test2" time="0.831"/>
  <testcase name="verifyIncorrectingAddingProduct" classname="com.selenium.atf.tests.Test2" time="0.788"/>
  <testcase name="verifyIncorrectingAddingProduct" classname="com.selenium.atf.tests.Test2" time="0.823"/>
  <testcase name="verifyIncorrectingAddingProduct" classname="com.selenium.atf.tests.Test2" time="0.815"/>
  <testcase name="verifyIncorrectingAddingProduct" classname="com.selenium.atf.tests.Test2" time="0.887"/>
  <testcase name="verifyIncorrectingAddingProduct" classname="com.selenium.atf.tests.Test2" time="0.879"/>
  <testcase name="verifyIncorrectingAddingProductChekingErrors" classname="com.selenium.atf.tests.Test2" time="2.828"/>
  <testcase name="verifyAcceptChangesButtonClick" classname="com.selenium.atf.tests.Test3" time="0.365"/>
  <testcase name="verifyCancelChangesButtonClick" classname="com.selenium.atf.tests.Test3" time="0.339"/>
  <testcase name="verifyEditingAccept_CancelChangesNegative" classname="com.selenium.atf.tests.Test3" time="1.237"/>
  <testcase name="verifyEditingCancelChangesNegative" classname="com.selenium.atf.tests.Test3" time="0.799"/>
  <testcase name="verifyEditingCancelChangespositive" classname="com.selenium.atf.tests.Test3" time="0.818"/>
  <testcase name="verifyIsEditModeEnabled" classname="com.selenium.atf.tests.Test4" time="0.888"/>
  <testcase name="verifyManyAcceptChangesNegative" classname="com.selenium.atf.tests.Test4" time="1.176"/>
  <testcase name="verifyManyAcceptChangesNegative" classname="com.selenium.atf.tests.Test4" time="1.092"/>
  <testcase name="verifyManyAcceptChangesNegative" classname="com.selenium.atf.tests.Test4" time="1.137"/>
  <testcase name="verifyManyAcceptChangesNegative" classname="com.selenium.atf.tests.Test4" time="1.094"/>
  <testcase name="verifyManyAcceptChangesNegative" classname="com.selenium.atf.tests.Test4" time="1.203"/>
  <testcase name="verifyManyAcceptChangesNegative" classname="com.selenium.atf.tests.Test4" time="1.112"/>
  <testcase name="verifyManyAcceptChangesNegative" classname="com.selenium.atf.tests.Test4" time="1.152"/>
  <testcase name="verifyManyAcceptChangesNegative" classname="com.selenium.atf.tests.Test4" time="1.123"/>
  <testcase name="verifyManyAcceptChangesNegative" classname="com.selenium.atf.tests.Test4" time="1.155"/>
  <testcase name="VerifyManyAcceptChangesNegativeChekingErrors" classname="com.selenium.atf.tests.Test5" time="2.8"/>
  <testcase name="verifyCorrectingCalculatingTotalPrice" classname="com.selenium.atf.tests.Test5" time="2.771"/>
  <testcase name="verifyDeleteProductClick" classname="com.selenium.atf.tests.Test5" time="0.293"/>
  <testcase name="verifyDeletingOneProductFromTwo" classname="com.selenium.atf.tests.Test5" time="1.826"/>
</testsuite>