<?xml version="1.0" encoding="UTF-8"?>
<testsuite name="TestSuite" time="69.224" tests="43" errors="0" skipped="0" failures="0">
  <properties>
    <property name="java.runtime.name" value="Java(TM) SE Runtime Environment"/>
    <property name="sun.boot.library.path" value="C:\Program Files\Java\jdk1.7.0_67\jre\bin"/>
    <property name="java.vm.version" value="24.65-b04"/>
    <property name="browser" value="chrome"/>
    <property name="user.country.format" value="UA"/>
    <property name="java.vm.vendor" value="Oracle Corporation"/>
    <property name="java.vendor.url" value="http://java.oracle.com/"/>
    <property name="path.separator" value=";"/>
    <property name="guice.disable.misplaced.annotation.check" value="true"/>
    <property name="java.vm.name" value="Java HotSpot(TM) 64-Bit Server VM"/>
    <property name="file.encoding.pkg" value="sun.io"/>
    <property name="user.script" value=""/>
    <property name="user.country" value="US"/>
    <property name="sun.java.launcher" value="SUN_STANDARD"/>
    <property name="sun.os.patch.level" value=""/>
    <property name="java.vm.specification.name" value="Java Virtual Machine Specification"/>
    <property name="user.dir" value="C:\workspace\ATF"/>
    <property name="java.runtime.version" value="1.7.0_67-b01"/>
    <property name="java.awt.graphicsenv" value="sun.awt.Win32GraphicsEnvironment"/>
    <property name="java.endorsed.dirs" value="C:\Program Files\Java\jdk1.7.0_67\jre\lib\endorsed"/>
    <property name="os.arch" value="amd64"/>
    <property name="java.io.tmpdir" value="C:\Users\APETRY~1\AppData\Local\Temp\"/>
    <property name="line.separator" value="&#10;"/>
    <property name="java.vm.specification.vendor" value="Oracle Corporation"/>
    <property name="user.variant" value=""/>
    <property name="os.name" value="Windows 8.1"/>
    <property name="classworlds.conf" value="C:\workspace\.metadata\.plugins\org.eclipse.m2e.launching\launches\m2conf6710468996555435668.tmp"/>
    <property name="sun.jnu.encoding" value="Cp1251"/>
    <property name="java.library.path" value="C:\Program Files\Java\jdk1.7.0_67\bin;C:\Windows\Sun\Java\bin;C:\Windows\system32;C:\Windows;C:\Windows\system32;C:\Windows;C:\Windows\System32\Wbem;C:\Windows\System32\WindowsPowerShell\v1.0\;."/>
    <property name="java.specification.name" value="Java Platform API Specification"/>
    <property name="java.class.version" value="51.0"/>
    <property name="sun.management.compiler" value="HotSpot 64-Bit Tiered Compilers"/>
    <property name="os.version" value="6.3"/>
    <property name="user.home" value="C:\Users\apetrychkovych"/>
    <property name="user.timezone" value="Europe/Helsinki"/>
    <property name="java.awt.printerjob" value="sun.awt.windows.WPrinterJob"/>
    <property name="java.specification.version" value="1.7"/>
    <property name="file.encoding" value="Cp1251"/>
    <property name="user.name" value="apetrychkovych"/>
    <property name="java.class.path" value="/C:/eclipse/configuration/org.eclipse.osgi/bundles/231/1/.cp/jars/plexus-classworlds-2.4.jar"/>
    <property name="java.vm.specification.version" value="1.7"/>
    <property name="sun.arch.data.model" value="64"/>
    <property name="java.home" value="C:\Program Files\Java\jdk1.7.0_67\jre"/>
    <property name="sun.java.command" value="org.codehaus.plexus.classworlds.launcher.Launcher -B clean test -D browser=chrome"/>
    <property name="java.specification.vendor" value="Oracle Corporation"/>
    <property name="user.language" value="en"/>
    <property name="user.language.format" value="uk"/>
    <property name="awt.toolkit" value="sun.awt.windows.WToolkit"/>
    <property name="java.vm.info" value="mixed mode"/>
    <property name="java.version" value="1.7.0_67"/>
    <property name="java.ext.dirs" value="C:\Program Files\Java\jdk1.7.0_67\jre\lib\ext;C:\Windows\Sun\Java\lib\ext"/>
    <property name="sun.boot.class.path" value="C:\Program Files\Java\jdk1.7.0_67\jre\lib\resources.jar;C:\Program Files\Java\jdk1.7.0_67\jre\lib\rt.jar;C:\Program Files\Java\jdk1.7.0_67\jre\lib\sunrsasign.jar;C:\Program Files\Java\jdk1.7.0_67\jre\lib\jsse.jar;C:\Program Files\Java\jdk1.7.0_67\jre\lib\jce.jar;C:\Program Files\Java\jdk1.7.0_67\jre\lib\charsets.jar;C:\Program Files\Java\jdk1.7.0_67\jre\lib\jfr.jar;C:\Program Files\Java\jdk1.7.0_67\jre\classes"/>
    <property name="java.vendor" value="Oracle Corporation"/>
    <property name="maven.home" value="C:\workspace\ATF\EMBEDDED"/>
    <property name="file.separator" value="\"/>
    <property name="java.vendor.url.bug" value="http://bugreport.sun.com/bugreport/"/>
    <property name="maven.bootclasspath" value="/C:/eclipse/configuration/org.eclipse.osgi/bundles/231/1/.cp/jars/plexus-classworlds-2.4.jar"/>
    <property name="sun.cpu.endian" value="little"/>
    <property name="sun.io.unicode.encoding" value="UnicodeLittle"/>
    <property name="sun.desktop" value="windows"/>
    <property name="sun.cpu.isalist" value="amd64"/>
  </properties>
  <testcase name="verifyCorrectingAddingProduct" classname="com.selenium.atf.tests.Test1" time="9.757"/>
  <testcase name="verifyCorrectingAddingProduct" classname="com.selenium.atf.tests.Test1" time="2.832"/>
  <testcase name="verifyCorrectingAddingProduct" classname="com.selenium.atf.tests.Test1" time="3.021"/>
  <testcase name="verifyCorrectingAddingProduct" classname="com.selenium.atf.tests.Test1" time="2.809"/>
  <testcase name="verifyCorrectingAddingProduct" classname="com.selenium.atf.tests.Test1" time="2.897"/>
  <testcase name="verifyCorrectingAddingProduct" classname="com.selenium.atf.tests.Test1" time="2.87"/>
  <testcase name="verifyCorrectingAddingProduct" classname="com.selenium.atf.tests.Test1" time="2.832"/>
  <testcase name="verifyManyAcceptChangesPositive" classname="com.selenium.atf.tests.Test1" time="3.327"/>
  <testcase name="verifyManyAcceptChangesPositive" classname="com.selenium.atf.tests.Test1" time="3.263"/>
  <testcase name="verifyManyAcceptChangesPositive" classname="com.selenium.atf.tests.Test1" time="3.363"/>
  <testcase name="verifyManyAcceptChangesPositive" classname="com.selenium.atf.tests.Test1" time="3.26"/>
  <testcase name="verifyManyAcceptChangesPositive" classname="com.selenium.atf.tests.Test1" time="3.247"/>
  <testcase name="verifyManyAcceptChangesPositive" classname="com.selenium.atf.tests.Test1" time="3.334"/>
  <testcase name="verifyManyAcceptChangesPositive" classname="com.selenium.atf.tests.Test1" time="3.314"/>
  <testcase name="verifyIncorrectingAddingProduct" classname="com.selenium.atf.tests.Test2" time="0.882"/>
  <testcase name="verifyIncorrectingAddingProduct" classname="com.selenium.atf.tests.Test2" time="0.457"/>
  <testcase name="verifyIncorrectingAddingProduct" classname="com.selenium.atf.tests.Test2" time="0.493"/>
  <testcase name="verifyIncorrectingAddingProduct" classname="com.selenium.atf.tests.Test2" time="0.444"/>
  <testcase name="verifyIncorrectingAddingProduct" classname="com.selenium.atf.tests.Test2" time="0.457"/>
  <testcase name="verifyIncorrectingAddingProduct" classname="com.selenium.atf.tests.Test2" time="0.5"/>
  <testcase name="verifyIncorrectingAddingProduct" classname="com.selenium.atf.tests.Test2" time="0.47"/>
  <testcase name="verifyIncorrectingAddingProduct" classname="com.selenium.atf.tests.Test2" time="0.494"/>
  <testcase name="verifyIncorrectingAddingProduct" classname="com.selenium.atf.tests.Test2" time="0.49"/>
  <testcase name="verifyIncorrectingAddingProductChekingErrors" classname="com.selenium.atf.tests.Test2" time="1.639"/>
  <testcase name="verifyAcceptChangesButtonClick" classname="com.selenium.atf.tests.Test3" time="0.242"/>
  <testcase name="verifyCancelChangesButtonClick" classname="com.selenium.atf.tests.Test3" time="0.212"/>
  <testcase name="verifyEditingAccept_CancelChangesNegative" classname="com.selenium.atf.tests.Test3" time="0.73"/>
  <testcase name="verifyEditingCancelChangesNegative" classname="com.selenium.atf.tests.Test3" time="0.455"/>
  <testcase name="verifyEditingCancelChangespositive" classname="com.selenium.atf.tests.Test3" time="0.461"/>
  <testcase name="verifyIsEditModeEnabled" classname="com.selenium.atf.tests.Test4" time="0.459"/>
  <testcase name="verifyManyAcceptChangesNegative" classname="com.selenium.atf.tests.Test4" time="0.709"/>
  <testcase name="verifyManyAcceptChangesNegative" classname="com.selenium.atf.tests.Test4" time="0.629"/>
  <testcase name="verifyManyAcceptChangesNegative" classname="com.selenium.atf.tests.Test4" time="0.633"/>
  <testcase name="verifyManyAcceptChangesNegative" classname="com.selenium.atf.tests.Test4" time="0.616"/>
  <testcase name="verifyManyAcceptChangesNegative" classname="com.selenium.atf.tests.Test4" time="0.639"/>
  <testcase name="verifyManyAcceptChangesNegative" classname="com.selenium.atf.tests.Test4" time="0.647"/>
  <testcase name="verifyManyAcceptChangesNegative" classname="com.selenium.atf.tests.Test4" time="0.67"/>
  <testcase name="verifyManyAcceptChangesNegative" classname="com.selenium.atf.tests.Test4" time="0.667"/>
  <testcase name="verifyManyAcceptChangesNegative" classname="com.selenium.atf.tests.Test4" time="0.674"/>
  <testcase name="VerifyManyAcceptChangesNegativeChekingErrors" classname="com.selenium.atf.tests.Test5" time="1.556"/>
  <testcase name="verifyCorrectingCalculatingTotalPrice" classname="com.selenium.atf.tests.Test5" time="1.64"/>
  <testcase name="verifyDeleteProductClick" classname="com.selenium.atf.tests.Test5" time="0.152"/>
  <testcase name="verifyDeletingOneProductFromTwo" classname="com.selenium.atf.tests.Test5" time="0.981"/>
</testsuite>