<?xml version="1.0" encoding="UTF-8"?>
<!-- Generated by org.testng.reporters.JUnitReportReporter -->
<testsuite hostname="lvp140700781" name="com.selenium.atf.tests.Test4" tests="10" failures="0" timestamp="2 Sep 2014 07:19:47 GMT" time="33.397" errors="0">
  <testcase name="verifyManyAcceptChangesNegative" time="3.339" classname="com.selenium.atf.tests.Test4"/>
  <testcase name="verifyManyAcceptChangesNegative" time="3.333" classname="com.selenium.atf.tests.Test4"/>
  <testcase name="verifyManyAcceptChangesNegative" time="3.323" classname="com.selenium.atf.tests.Test4"/>
  <testcase name="verifyIsEditModeEnabled" time="3.122" classname="com.selenium.atf.tests.Test4"/>
  <testcase name="verifyManyAcceptChangesNegative" time="3.303" classname="com.selenium.atf.tests.Test4"/>
  <testcase name="verifyManyAcceptChangesNegative" time="3.239" classname="com.selenium.atf.tests.Test4"/>
  <testcase name="verifyManyAcceptChangesNegative" time="3.393" classname="com.selenium.atf.tests.Test4"/>
  <testcase name="verifyManyAcceptChangesNegative" time="3.668" classname="com.selenium.atf.tests.Test4"/>
  <testcase name="verifyManyAcceptChangesNegative" time="3.278" classname="com.selenium.atf.tests.Test4"/>
  <testcase name="verifyManyAcceptChangesNegative" time="3.399" classname="com.selenium.atf.tests.Test4"/>
</testsuite> <!-- com.selenium.atf.tests.Test4 -->
