<?xml version="1.0" encoding="UTF-8"?>
<!-- Generated by org.testng.reporters.JUnitReportReporter -->
<testsuite hostname="Computer" name="com.selenium.atf.tests.Test3" tests="5" failures="0" timestamp="16 Sep 2014 22:23:04 GMT" time="16.559" errors="0">
  <testcase name="verifyEditingCancelChangespositive" time="6.295" classname="com.selenium.atf.tests.Test3"/>
  <testcase name="verifyCancelChangesButtonClick" time="2.210" classname="com.selenium.atf.tests.Test3"/>
  <testcase name="verifyEditingAccept_CancelChangesNegative" time="3.119" classname="com.selenium.atf.tests.Test3"/>
  <testcase name="verifyAcceptChangesButtonClick" time="2.152" classname="com.selenium.atf.tests.Test3"/>
  <testcase name="verifyEditingCancelChangesNegative" time="2.783" classname="com.selenium.atf.tests.Test3"/>
</testsuite> <!-- com.selenium.atf.tests.Test3 -->
