<?xml version="1.0" encoding="UTF-8"?>
<!-- Generated by org.testng.reporters.JUnitReportReporter -->
<testsuite hostname="Computer" name="com.selenium.atf.tests.Test5" tests="4" failures="0" timestamp="16 Sep 2014 22:23:04 GMT" time="13.916" errors="0">
  <testcase name="verifyCorrectingCalculatingTotalPrice" time="6.797" classname="com.selenium.atf.tests.Test5"/>
  <testcase name="VerifyManyAcceptChangesNegativeChekingErrors" time="3.554" classname="com.selenium.atf.tests.Test5"/>
  <testcase name="verifyDeletingOneProductFromTwo" time="2.569" classname="com.selenium.atf.tests.Test5"/>
  <testcase name="verifyDeleteProductClick" time="0.996" classname="com.selenium.atf.tests.Test5"/>
</testsuite> <!-- com.selenium.atf.tests.Test5 -->
