<?xml version="1.0" encoding="UTF-8"?>
<!-- Generated by org.testng.reporters.JUnitReportReporter -->
<testsuite hostname="lvp140700781" name="com.selenium.atf.tests.Test5" tests="4" failures="0" timestamp="2 Sep 2014 07:19:47 GMT" time="14.641" errors="0">
  <testcase name="verifyCorrectingCalculatingTotalPrice" time="4.515" classname="com.selenium.atf.tests.Test5"/>
  <testcase name="VerifyManyAcceptChangesNegativeChekingErrors" time="4.047" classname="com.selenium.atf.tests.Test5"/>
  <testcase name="verifyDeletingOneProductFromTwo" time="3.464" classname="com.selenium.atf.tests.Test5"/>
  <testcase name="verifyDeleteProductClick" time="2.615" classname="com.selenium.atf.tests.Test5"/>
</testsuite> <!-- com.selenium.atf.tests.Test5 -->
