<?xml version="1.0" encoding="UTF-8"?>
<!-- Generated by org.testng.reporters.JUnitReportReporter -->
<testsuite hostname="Computer" name="com.selenium.atf.tests.FirstTest" tests="4" failures="0" timestamp="12 Aug 2014 18:12:31 GMT" time="13.022" errors="0">
  <testcase name="verifyCorrectingAddingProduct" time="2.860" classname="com.selenium.atf.tests.FirstTest"/>
  <testcase name="verifyCorrectingAddingProduct" time="4.322" classname="com.selenium.atf.tests.FirstTest"/>
  <testcase name="verifyCorrectingAddingProduct" time="2.930" classname="com.selenium.atf.tests.FirstTest"/>
  <testcase name="verifyCorrectingAddingProduct" time="2.910" classname="com.selenium.atf.tests.FirstTest"/>
</testsuite> <!-- com.selenium.atf.tests.FirstTest -->
