<?xml version="1.0" encoding="UTF-8"?>
<!-- Generated by org.testng.reporters.JUnitReportReporter -->
<testsuite hostname="lvp140700781" name="com.selenium.atf.tests.Test3" tests="5" failures="0" timestamp="2 Sep 2014 07:19:47 GMT" time="17.699" errors="0">
  <testcase name="verifyEditingCancelChangespositive" time="3.830" classname="com.selenium.atf.tests.Test3"/>
  <testcase name="verifyAcceptChangesButtonClick" time="3.268" classname="com.selenium.atf.tests.Test3"/>
  <testcase name="verifyEditingAccept_CancelChangesNegative" time="3.775" classname="com.selenium.atf.tests.Test3"/>
  <testcase name="verifyEditingCancelChangesNegative" time="3.518" classname="com.selenium.atf.tests.Test3"/>
  <testcase name="verifyCancelChangesButtonClick" time="3.308" classname="com.selenium.atf.tests.Test3"/>
</testsuite> <!-- com.selenium.atf.tests.Test3 -->
