<?xml version="1.0" encoding="UTF-8"?>
<!-- Generated by org.testng.reporters.JUnitReportReporter -->
<testsuite hostname="Computer" name="com.selenium.atf.tests.Test1" tests="14" failures="0" timestamp="16 Sep 2014 22:23:04 GMT" time="41.165" errors="0">
  <testcase name="verifyManyAcceptChangesPositive" time="2.765" classname="com.selenium.atf.tests.Test1"/>
  <testcase name="verifyManyAcceptChangesPositive" time="2.720" classname="com.selenium.atf.tests.Test1"/>
  <testcase name="verifyCorrectingAddingProduct" time="6.959" classname="com.selenium.atf.tests.Test1"/>
  <testcase name="verifyManyAcceptChangesPositive" time="2.846" classname="com.selenium.atf.tests.Test1"/>
  <testcase name="verifyCorrectingAddingProduct" time="1.935" classname="com.selenium.atf.tests.Test1"/>
  <testcase name="verifyCorrectingAddingProduct" time="1.903" classname="com.selenium.atf.tests.Test1"/>
  <testcase name="verifyManyAcceptChangesPositive" time="2.678" classname="com.selenium.atf.tests.Test1"/>
  <testcase name="verifyCorrectingAddingProduct" time="1.899" classname="com.selenium.atf.tests.Test1"/>
  <testcase name="verifyCorrectingAddingProduct" time="1.977" classname="com.selenium.atf.tests.Test1"/>
  <testcase name="verifyManyAcceptChangesPositive" time="2.791" classname="com.selenium.atf.tests.Test1"/>
  <testcase name="verifyCorrectingAddingProduct" time="5.269" classname="com.selenium.atf.tests.Test1"/>
  <testcase name="verifyManyAcceptChangesPositive" time="2.687" classname="com.selenium.atf.tests.Test1"/>
  <testcase name="verifyCorrectingAddingProduct" time="1.997" classname="com.selenium.atf.tests.Test1"/>
  <testcase name="verifyManyAcceptChangesPositive" time="2.739" classname="com.selenium.atf.tests.Test1"/>
</testsuite> <!-- com.selenium.atf.tests.Test1 -->
