<?xml version="1.0" encoding="UTF-8"?>
<!-- Generated by org.testng.reporters.JUnitReportReporter -->
<testsuite hostname="lvp140700781" name="com.selenium.atf.tests.Test1" tests="14" failures="0" timestamp="2 Sep 2014 07:19:47 GMT" time="54.581" errors="0">
  <testcase name="verifyCorrectingAddingProduct" time="3.141" classname="com.selenium.atf.tests.Test1"/>
  <testcase name="verifyManyAcceptChangesPositive" time="3.618" classname="com.selenium.atf.tests.Test1"/>
  <testcase name="verifyManyAcceptChangesPositive" time="3.652" classname="com.selenium.atf.tests.Test1"/>
  <testcase name="verifyManyAcceptChangesPositive" time="3.595" classname="com.selenium.atf.tests.Test1"/>
  <testcase name="verifyManyAcceptChangesPositive" time="3.659" classname="com.selenium.atf.tests.Test1"/>
  <testcase name="verifyManyAcceptChangesPositive" time="3.672" classname="com.selenium.atf.tests.Test1"/>
  <testcase name="verifyCorrectingAddingProduct" time="3.316" classname="com.selenium.atf.tests.Test1"/>
  <testcase name="verifyManyAcceptChangesPositive" time="3.647" classname="com.selenium.atf.tests.Test1"/>
  <testcase name="verifyCorrectingAddingProduct" time="3.166" classname="com.selenium.atf.tests.Test1"/>
  <testcase name="verifyManyAcceptChangesPositive" time="3.576" classname="com.selenium.atf.tests.Test1"/>
  <testcase name="verifyCorrectingAddingProduct" time="10.090" classname="com.selenium.atf.tests.Test1"/>
  <testcase name="verifyCorrectingAddingProduct" time="3.195" classname="com.selenium.atf.tests.Test1"/>
  <testcase name="verifyCorrectingAddingProduct" time="3.113" classname="com.selenium.atf.tests.Test1"/>
  <testcase name="verifyCorrectingAddingProduct" time="3.141" classname="com.selenium.atf.tests.Test1"/>
</testsuite> <!-- com.selenium.atf.tests.Test1 -->
