<?xml version="1.0" encoding="UTF-8"?>
<!-- Generated by org.testng.reporters.JUnitReportReporter -->
<testsuite hostname="lvp140700781" name="com.selenium.atf.tests.Test2" tests="10" failures="0" timestamp="2 Sep 2014 07:19:47 GMT" time="6.325" errors="0">
  <testcase name="verifyIncorrectingAddingProduct" time="0.882" classname="com.selenium.atf.tests.Test2"/>
  <testcase name="verifyIncorrectingAddingProduct" time="0.494" classname="com.selenium.atf.tests.Test2"/>
  <testcase name="verifyIncorrectingAddingProduct" time="0.444" classname="com.selenium.atf.tests.Test2"/>
  <testcase name="verifyIncorrectingAddingProduct" time="0.470" classname="com.selenium.atf.tests.Test2"/>
  <testcase name="verifyIncorrectingAddingProduct" time="0.500" classname="com.selenium.atf.tests.Test2"/>
  <testcase name="verifyIncorrectingAddingProduct" time="0.457" classname="com.selenium.atf.tests.Test2"/>
  <testcase name="verifyIncorrectingAddingProduct" time="0.493" classname="com.selenium.atf.tests.Test2"/>
  <testcase name="verifyIncorrectingAddingProductChekingErrors" time="1.638" classname="com.selenium.atf.tests.Test2"/>
  <testcase name="verifyIncorrectingAddingProduct" time="0.457" classname="com.selenium.atf.tests.Test2"/>
  <testcase name="verifyIncorrectingAddingProduct" time="0.490" classname="com.selenium.atf.tests.Test2"/>
</testsuite> <!-- com.selenium.atf.tests.Test2 -->
