<?xml version="1.0" encoding="UTF-8"?>
<!-- Generated by org.testng.reporters.JUnitReportReporter -->
<testsuite hostname="Computer" name="com.selenium.atf.tests.Test2" tests="10" failures="0" timestamp="16 Sep 2014 22:23:04 GMT" time="13.628" errors="0">
  <testcase name="verifyIncorrectingAddingProduct" time="0.788" classname="com.selenium.atf.tests.Test2"/>
  <testcase name="verifyIncorrectingAddingProduct" time="0.791" classname="com.selenium.atf.tests.Test2"/>
  <testcase name="verifyIncorrectingAddingProductChekingErrors" time="2.828" classname="com.selenium.atf.tests.Test2"/>
  <testcase name="verifyIncorrectingAddingProduct" time="4.184" classname="com.selenium.atf.tests.Test2"/>
  <testcase name="verifyIncorrectingAddingProduct" time="0.802" classname="com.selenium.atf.tests.Test2"/>
  <testcase name="verifyIncorrectingAddingProduct" time="0.823" classname="com.selenium.atf.tests.Test2"/>
  <testcase name="verifyIncorrectingAddingProduct" time="0.879" classname="com.selenium.atf.tests.Test2"/>
  <testcase name="verifyIncorrectingAddingProduct" time="0.814" classname="com.selenium.atf.tests.Test2"/>
  <testcase name="verifyIncorrectingAddingProduct" time="0.888" classname="com.selenium.atf.tests.Test2"/>
  <testcase name="verifyIncorrectingAddingProduct" time="0.831" classname="com.selenium.atf.tests.Test2"/>
</testsuite> <!-- com.selenium.atf.tests.Test2 -->
