<?xml version="1.0" encoding="UTF-8"?>
<!-- Generated by org.testng.reporters.JUnitReportReporter -->
<testsuite hostname="Computer" name="com.selenium.atf.tests.Test4" tests="10" failures="0" timestamp="16 Sep 2014 22:23:04 GMT" time="24.717" errors="0">
  <testcase name="verifyManyAcceptChangesNegative" time="2.193" classname="com.selenium.atf.tests.Test4"/>
  <testcase name="verifyManyAcceptChangesNegative" time="2.185" classname="com.selenium.atf.tests.Test4"/>
  <testcase name="verifyManyAcceptChangesNegative" time="2.118" classname="com.selenium.atf.tests.Test4"/>
  <testcase name="verifyManyAcceptChangesNegative" time="2.234" classname="com.selenium.atf.tests.Test4"/>
  <testcase name="verifyIsEditModeEnabled" time="1.917" classname="com.selenium.atf.tests.Test4"/>
  <testcase name="verifyManyAcceptChangesNegative" time="2.216" classname="com.selenium.atf.tests.Test4"/>
  <testcase name="verifyManyAcceptChangesNegative" time="5.249" classname="com.selenium.atf.tests.Test4"/>
  <testcase name="verifyManyAcceptChangesNegative" time="2.131" classname="com.selenium.atf.tests.Test4"/>
  <testcase name="verifyManyAcceptChangesNegative" time="2.198" classname="com.selenium.atf.tests.Test4"/>
  <testcase name="verifyManyAcceptChangesNegative" time="2.276" classname="com.selenium.atf.tests.Test4"/>
</testsuite> <!-- com.selenium.atf.tests.Test4 -->
